<?xml version="1.0" encoding="UTF-8"?>
<testsuite xmlns:xsi="http://www.w3.org/2001/XMLSchema-instance" xsi:noNamespaceSchemaLocation="https://maven.apache.org/surefire/maven-surefire-plugin/xsd/surefire-test-report.xsd" name="TestSuite" time="3.364" tests="3" errors="0" skipped="0" failures="0">
  <properties>
[...]
</properties>
  <testcase name="testCreateEmployee" classname="sw409.EmployeeTests.EmployeeCrudTests" time="2.594"/>
  <testcase name="testGetEmployees" classname="sw409.EmployeeTests.EmployeeCrudTests" time="0.11"/>
  <testcase name="shouldAnswerWithTrue on shouldAnswerWithTrue(sw409.EmployeeTests.AppTest)" classname="sw409.EmployeeTests.AppTest" time="0.001"/>
</testsuite>