<?xml version="1.0" encoding="UTF-8"?>
<testng-results ignored="0" total="2" passed="2" failed="0" skipped="0">
  <reporter-output>
  </reporter-output>
  <suite started-at="2020-12-03T20:10:15 EST" name="Surefire suite" finished-at="2020-12-03T20:10:18 EST" duration-ms="2745">
    <groups>
    </groups>
    <test started-at="2020-12-03T20:10:15 EST" name="Surefire test" finished-at="2020-12-03T20:10:18 EST" duration-ms="2745">
      <class name="sw409.EmployeeTests.EmployeeCrudTests">
        <test-method signature="testCreateEmployee()[pri:0, instance:sw409.EmployeeTests.EmployeeCrudTests@4b9e255]" started-at="2020-12-03T20:10:15 EST" name="testCreateEmployee" finished-at="2020-12-03T20:10:18 EST" duration-ms="2593" status="PASS">
          <reporter-output>
          </reporter-output>
        </test-method> <!-- testCreateEmployee -->
        <test-method signature="testGetEmployees()[pri:0, instance:sw409.EmployeeTests.EmployeeCrudTests@4b9e255]" started-at="2020-12-03T20:10:18 EST" name="testGetEmployees" finished-at="2020-12-03T20:10:18 EST" duration-ms="112" status="PASS">
          <reporter-output>
          </reporter-output>
        </test-method> <!-- testGetEmployees -->
      </class> <!-- sw409.EmployeeTests.EmployeeCrudTests -->
    </test> <!-- Surefire test -->
  </suite> <!-- Surefire suite -->
</testng-results>
