<?xml version="1.0" encoding="UTF-8"?>
<testng-results ignored="0" total="1" passed="1" failed="0" skipped="0">
  <reporter-output>
  </reporter-output>
  <suite started-at="2020-12-03T20:10:18 EST" name="Surefire suite" finished-at="2020-12-03T20:10:18 EST" duration-ms="40">
    <groups>
    </groups>
    <test started-at="2020-12-03T20:10:18 EST" name="Surefire test" finished-at="2020-12-03T20:10:18 EST" duration-ms="40">
      <class name="sw409.EmployeeTests.AppTest">
        <test-method signature="shouldAnswerWithTrue()" started-at="2020-12-03T20:10:18 EST" name="shouldAnswerWithTrue" finished-at="2020-12-03T20:10:18 EST" duration-ms="6" status="PASS">
          <reporter-output>
          </reporter-output>
        </test-method> <!-- shouldAnswerWithTrue -->
      </class> <!-- sw409.EmployeeTests.AppTest -->
    </test> <!-- Surefire test -->
  </suite> <!-- Surefire suite -->
</testng-results>
